2014-12-06T21:01:43.842Z - info: Searching for available extensions in D:\CORPROTECAPP\
2014-12-06T21:01:44.701Z - info: Found 17 extensions
2014-12-06T21:01:44.749Z - info: Using extension express
2014-12-06T21:01:44.752Z - info: Using extension excel-parser
2014-12-06T21:01:44.754Z - info: Using extension html
2014-12-06T21:01:44.756Z - info: Using extension client-html
2014-12-06T21:01:44.758Z - info: Using extension authentication
2014-12-06T21:01:44.763Z - info: Using extension templates
2014-12-06T21:01:44.765Z - info: Using extension fop-pdf
2014-12-06T21:01:44.767Z - info: Using extension childTemplates
2014-12-06T21:01:44.769Z - info: Using extension data
2014-12-06T21:01:44.771Z - info: Using extension phantom-pdf
2014-12-06T21:01:44.774Z - info: Using extension reports
2014-12-06T21:01:44.776Z - info: Using extension images
2014-12-06T21:01:44.778Z - info: Using extension scripts
2014-12-06T21:01:44.781Z - info: Using extension statistics
2014-12-06T21:01:44.782Z - info: Using extension sample-template
2014-12-06T21:01:44.784Z - info: Using extension embedding
2014-12-06T21:01:44.786Z - info: Using extension authorization
2014-12-06T21:01:50.476Z - info: Extensions loaded.
2014-12-06T21:01:50.483Z - info: Creating default express app.
2014-12-06T21:06:16.007Z - info: Searching for available extensions in D:\CORPROTECAPP\
2014-12-06T21:06:16.329Z - info: Found 17 extensions
2014-12-06T21:06:16.355Z - info: Using extension express
2014-12-06T21:06:16.358Z - info: Using extension excel-parser
2014-12-06T21:06:16.361Z - info: Using extension fop-pdf
2014-12-06T21:06:16.363Z - info: Using extension html
2014-12-06T21:06:16.365Z - info: Using extension templates
2014-12-06T21:06:16.369Z - info: Using extension authentication
2014-12-06T21:06:16.371Z - info: Using extension client-html
2014-12-06T21:06:16.373Z - info: Using extension images
2014-12-06T21:06:16.377Z - info: Using extension childTemplates
2014-12-06T21:06:16.379Z - info: Using extension phantom-pdf
2014-12-06T21:06:16.383Z - info: Using extension reports
2014-12-06T21:06:16.387Z - info: Using extension data
2014-12-06T21:07:14.348Z - info: Searching for available extensions in D:\CORPROTECAPP\
2014-12-06T21:07:14.902Z - info: Found 17 extensions
2014-12-06T21:07:14.944Z - info: Using extension express
2014-12-06T21:07:14.949Z - info: Using extension excel-parser
2014-12-06T21:07:14.953Z - info: Using extension fop-pdf
2014-12-06T21:07:14.956Z - info: Using extension html
2014-12-06T21:07:14.960Z - info: Using extension authentication
2014-12-06T21:07:14.965Z - info: Using extension client-html
2014-12-06T21:07:14.969Z - info: Using extension templates
2014-12-06T21:07:14.979Z - info: Using extension data
2014-12-06T21:07:14.984Z - info: Using extension childTemplates
2014-12-06T21:07:14.989Z - info: Using extension phantom-pdf
2014-12-06T21:07:14.993Z - info: Using extension reports
2014-12-06T21:07:14.998Z - info: Using extension images
2014-12-06T21:07:15.001Z - info: Using extension scripts
2014-12-06T21:07:15.004Z - info: Using extension statistics
2014-12-06T21:07:15.008Z - info: Using extension sample-template
2014-12-06T21:07:15.010Z - info: Using extension embedding
2014-12-06T21:07:15.013Z - info: Using extension authorization
2014-12-06T21:07:17.453Z - info: Extensions loaded.
2014-12-06T21:07:17.461Z - info: Creating default express app.
2014-12-06T21:07:18.002Z - info: reporter initialized
2014-12-06T21:09:15.294Z - info: Searching for available extensions in D:\CORPROTECAPP\
2014-12-06T21:09:15.750Z - info: Found 17 extensions
2014-12-06T21:09:15.775Z - info: Using extension express
2014-12-06T21:09:15.778Z - info: Using extension client-html
2014-12-06T21:09:15.780Z - info: Using extension excel-parser
2014-12-06T21:09:15.783Z - info: Using extension fop-pdf
2014-12-06T21:09:15.788Z - info: Using extension html
2014-12-06T21:09:15.794Z - info: Using extension authentication
2014-12-06T21:09:15.796Z - info: Using extension templates
2014-12-06T21:09:15.799Z - info: Using extension data
2014-12-06T21:09:15.801Z - info: Using extension childTemplates
2014-12-06T21:09:15.804Z - info: Using extension phantom-pdf
2014-12-06T21:09:15.808Z - info: Using extension images
2014-12-06T21:09:15.810Z - info: Using extension reports
2014-12-06T21:09:15.813Z - info: Using extension statistics
2014-12-06T21:09:15.815Z - info: Using extension scripts
2014-12-06T21:09:15.818Z - info: Using extension sample-template
2014-12-06T21:09:15.821Z - info: Using extension embedding
2014-12-06T21:09:15.824Z - info: Using extension authorization
2014-12-06T21:09:17.636Z - info: Extensions loaded.
2014-12-06T21:09:17.644Z - info: Creating default express app.
2014-12-06T21:09:17.791Z - info: reporter initialized
2014-12-06T21:09:56.544Z - info: Searching for available extensions in D:\CORPROTECAPP\
2014-12-06T21:09:57.024Z - info: Found 17 extensions
2014-12-06T21:09:57.054Z - info: Using extension express
2014-12-06T21:09:57.058Z - info: Using extension excel-parser
2014-12-06T21:09:57.062Z - info: Using extension fop-pdf
2014-12-06T21:09:57.065Z - info: Using extension html
2014-12-06T21:09:57.069Z - info: Using extension client-html
2014-12-06T21:09:57.075Z - info: Using extension authentication
2014-12-06T21:09:57.079Z - info: Using extension templates
2014-12-06T21:09:57.081Z - info: Using extension images
2014-12-06T21:09:57.085Z - info: Using extension childTemplates
2014-12-06T21:09:57.088Z - info: Using extension reports
2014-12-06T21:09:57.092Z - info: Using extension data
2014-12-06T21:09:57.094Z - info: Using extension phantom-pdf
2014-12-06T21:09:57.097Z - info: Using extension scripts
2014-12-06T21:09:57.100Z - info: Using extension statistics
2014-12-06T21:09:57.102Z - info: Using extension sample-template
2014-12-06T21:09:57.105Z - info: Using extension embedding
2014-12-06T21:09:57.108Z - info: Using extension authorization
2014-12-06T21:09:58.655Z - info: Extensions loaded.
2014-12-06T21:09:58.664Z - info: Creating default express app.
2014-12-06T21:09:58.699Z - info: reporter initialized
2014-12-06T21:10:35.150Z - info: Starting rendering request 1
2014-12-06T21:10:35.578Z - info: Starting rendering request 2
2014-12-06T21:10:35.707Z - info: Rendering request 2 finished in 130 ms
2014-12-06T21:10:42.170Z - info: Rendering request 1 finished in 7019 ms
2014-12-06T21:12:20.401Z - info: Searching for available extensions in D:\CORPROTECAPP\
2014-12-06T21:12:20.775Z - info: Found 17 extensions
2014-12-06T21:12:20.806Z - info: Using extension express
2014-12-06T21:12:20.809Z - info: Using extension templates
2014-12-06T21:12:20.811Z - info: Using extension excel-parser
2014-12-06T21:12:20.813Z - info: Using extension fop-pdf
2014-12-06T21:12:20.815Z - info: Using extension html
2014-12-06T21:12:20.821Z - info: Using extension authentication
2014-12-06T21:12:20.822Z - info: Using extension client-html
2014-12-06T21:12:20.824Z - info: Using extension data
2014-12-06T21:12:20.826Z - info: Using extension childTemplates
2014-12-06T21:12:20.828Z - info: Using extension phantom-pdf
2014-12-06T21:12:20.832Z - info: Using extension reports
2014-12-06T21:12:20.835Z - info: Using extension images
2014-12-06T21:12:20.837Z - info: Using extension scripts
2014-12-06T21:12:20.839Z - info: Using extension statistics
2014-12-06T21:12:20.841Z - info: Using extension sample-template
2014-12-06T21:12:20.843Z - info: Using extension embedding
2014-12-06T21:12:20.845Z - info: Using extension authorization
2014-12-06T21:12:22.763Z - info: Extensions loaded.
2014-12-06T21:12:22.774Z - info: Creating default express app.
2014-12-06T21:13:46.294Z - info: Searching for available extensions in D:\CORPROTECAPP\
2014-12-06T21:13:46.637Z - info: Found 17 extensions
2014-12-06T21:13:46.659Z - info: Using extension express
2014-12-06T21:13:46.661Z - info: Using extension templates
2014-12-06T21:13:46.663Z - info: Using extension excel-parser
2014-12-06T21:13:46.665Z - info: Using extension fop-pdf
2014-12-06T21:13:46.667Z - info: Using extension html
2014-12-06T21:13:46.671Z - info: Using extension authentication
2014-12-06T21:13:46.674Z - info: Using extension client-html
2014-12-06T21:14:12.025Z - info: Searching for available extensions in D:\CORPROTECAPP\
2014-12-06T21:14:12.376Z - info: Found 17 extensions
2014-12-06T21:14:12.398Z - info: Using extension authentication
2014-12-06T21:14:12.400Z - info: Using extension express
2014-12-06T21:14:12.402Z - info: Using extension templates
2014-12-06T21:14:12.404Z - info: Using extension excel-parser
2014-12-06T21:14:12.407Z - info: Using extension fop-pdf
2014-12-06T21:14:12.411Z - info: Using extension html
2014-12-06T21:14:12.413Z - info: Using extension client-html
2014-12-06T21:14:12.415Z - info: Using extension data
2014-12-06T21:14:12.418Z - info: Using extension childTemplates
2014-12-06T21:14:12.420Z - info: Using extension images
2014-12-06T21:14:12.423Z - info: Using extension phantom-pdf
2014-12-06T21:14:12.425Z - info: Using extension reports
2014-12-06T21:14:12.427Z - info: Using extension scripts
2014-12-06T21:14:12.429Z - info: Using extension statistics
2014-12-06T21:14:12.431Z - info: Using extension sample-template
2014-12-06T21:14:12.433Z - info: Using extension embedding
2014-12-06T21:14:12.435Z - info: Using extension authorization
2014-12-06T21:14:13.905Z - info: Extensions loaded.
2014-12-06T21:14:13.912Z - info: Creating default express app.
2014-12-06T21:18:49.490Z - info: Searching for available extensions in D:\CORPROTECAPP\
2014-12-06T21:18:49.936Z - info: Found 17 extensions
2014-12-06T21:18:49.959Z - info: Using extension express
2014-12-06T21:18:49.962Z - info: Using extension excel-parser
2014-12-06T21:18:49.964Z - info: Using extension fop-pdf
2014-12-06T21:18:49.966Z - info: Using extension html
2014-12-06T21:18:49.968Z - info: Using extension templates
2014-12-06T21:19:51.042Z - info: Searching for available extensions in D:\CORPROTECAPP\
2014-12-06T21:19:51.392Z - info: Found 17 extensions
2014-12-06T21:19:51.413Z - info: Using extension express
2014-12-06T21:19:51.415Z - info: Using extension templates
2014-12-06T21:19:51.417Z - info: Using extension excel-parser
2014-12-06T21:19:51.419Z - info: Using extension fop-pdf
2014-12-06T21:19:51.421Z - info: Using extension html
2014-12-06T21:19:51.426Z - info: Using extension authentication
2014-12-06T21:19:51.428Z - info: Using extension client-html
2014-12-06T21:19:51.430Z - info: Using extension data
2014-12-06T21:19:51.432Z - info: Using extension childTemplates
2014-12-06T21:19:51.434Z - info: Using extension images
2014-12-06T21:19:51.439Z - info: Using extension phantom-pdf
2014-12-06T21:19:51.441Z - info: Using extension reports
2014-12-06T21:19:51.443Z - info: Using extension scripts
2014-12-06T21:19:51.444Z - info: Using extension statistics
2014-12-06T21:19:51.446Z - info: Using extension sample-template
2014-12-06T21:19:51.449Z - info: Using extension embedding
2014-12-06T21:19:51.452Z - info: Using extension authorization
2014-12-06T21:19:52.917Z - info: Extensions loaded.
2014-12-06T21:19:52.924Z - info: Creating default express app.
2014-12-06T21:20:31.372Z - info: Searching for available extensions in D:\CORPROTECAPP\
2014-12-06T21:20:31.724Z - info: Found 17 extensions
2014-12-06T21:20:31.745Z - info: Using extension express
2014-12-06T21:20:31.748Z - info: Using extension excel-parser
2014-12-06T21:20:31.750Z - info: Using extension fop-pdf
2014-12-06T21:20:31.753Z - info: Using extension html
2014-12-06T21:20:31.755Z - info: Using extension authentication
2014-12-06T21:20:31.760Z - info: Using extension client-html
2014-12-06T21:20:31.762Z - info: Using extension templates
2014-12-06T21:20:31.764Z - info: Using extension data
2014-12-06T21:20:31.765Z - info: Using extension childTemplates
2014-12-06T21:20:31.768Z - info: Using extension images
2014-12-06T21:20:31.771Z - info: Using extension phantom-pdf
2014-12-06T21:20:31.773Z - info: Using extension reports
2014-12-06T21:20:31.775Z - info: Using extension scripts
2014-12-06T21:20:31.777Z - info: Using extension statistics
2014-12-06T21:20:31.779Z - info: Using extension sample-template
2014-12-06T21:20:31.784Z - info: Using extension embedding
2014-12-06T21:20:31.787Z - info: Using extension authorization
2014-12-06T21:20:33.238Z - info: Extensions loaded.
2014-12-06T21:20:33.245Z - info: Creating default express app.
2014-12-06T21:21:45.239Z - info: Searching for available extensions in D:\CORPROTECAPP\
2014-12-06T21:21:46.009Z - info: Found 17 extensions
2014-12-06T21:21:46.051Z - info: Using extension express
2014-12-06T21:21:46.073Z - info: Using extension templates
2014-12-06T21:21:46.076Z - info: Using extension excel-parser
2014-12-06T21:21:46.079Z - info: Using extension fop-pdf
2014-12-06T21:21:46.083Z - info: Using extension html
2014-12-06T21:21:46.088Z - info: Using extension authentication
2014-12-06T21:21:46.091Z - info: Using extension client-html
2014-12-06T21:21:46.095Z - info: Using extension data
2014-12-06T21:21:46.098Z - info: Using extension childTemplates
2014-12-06T21:21:46.101Z - info: Using extension images
2014-12-06T21:21:46.105Z - info: Using extension phantom-pdf
2014-12-06T21:21:46.108Z - info: Using extension reports
2014-12-06T21:21:46.161Z - info: Using extension statistics
2014-12-06T21:21:46.163Z - info: Using extension scripts
2014-12-06T21:21:46.171Z - info: Using extension sample-template
2014-12-06T21:21:46.174Z - info: Using extension embedding
2014-12-06T21:21:46.178Z - info: Using extension authorization
2014-12-06T21:21:48.856Z - info: Extensions loaded.
2014-12-06T21:21:48.863Z - info: Creating default express app.
2014-12-06T21:21:50.938Z - info: reporter initialized
2014-12-06T21:22:56.313Z - info: Searching for available extensions in D:\CORPROTECAPP\
2014-12-06T21:22:56.760Z - info: Found 17 extensions
2014-12-06T21:22:56.786Z - info: Using extension client-html
2014-12-06T21:22:56.789Z - info: Using extension express
2014-12-06T21:22:56.792Z - info: Using extension excel-parser
2014-12-06T21:22:56.795Z - info: Using extension fop-pdf
2014-12-06T21:22:56.798Z - info: Using extension html
2014-12-06T21:22:56.803Z - info: Using extension templates
2014-12-06T21:22:56.806Z - info: Using extension authentication
2014-12-06T21:22:56.808Z - info: Using extension data
2014-12-06T21:22:56.811Z - info: Using extension childTemplates
2014-12-06T21:22:56.813Z - info: Using extension reports
2014-12-06T21:22:56.817Z - info: Using extension phantom-pdf
2014-12-06T21:22:56.820Z - info: Using extension images
2014-12-06T21:22:56.823Z - info: Using extension scripts
2014-12-06T21:22:56.825Z - info: Using extension statistics
2014-12-06T21:22:56.828Z - info: Using extension sample-template
2014-12-06T21:22:56.831Z - info: Using extension embedding
2014-12-06T21:22:56.833Z - info: Using extension authorization
2014-12-06T21:22:58.495Z - info: Extensions loaded.
2014-12-06T21:22:58.503Z - info: Creating default express app.
2014-12-06T21:22:58.582Z - info: reporter initialized
2014-12-06T21:26:05.775Z - info: Searching for available extensions in D:\CORPROTECAPP\
2014-12-06T21:26:06.107Z - info: Found 17 extensions
2014-12-06T21:26:06.128Z - info: Using extension express
2014-12-06T21:26:06.131Z - info: Using extension templates
2014-12-06T21:26:06.133Z - info: Using extension excel-parser
2014-12-06T21:26:06.135Z - info: Using extension fop-pdf
2014-12-06T21:26:06.138Z - info: Using extension html
2014-12-06T21:26:06.142Z - info: Using extension authentication
2014-12-06T21:26:06.144Z - info: Using extension client-html
2014-12-06T21:26:06.147Z - info: Using extension data
2014-12-06T21:26:06.149Z - info: Using extension childTemplates
2014-12-06T21:26:06.150Z - info: Using extension phantom-pdf
2014-12-06T21:26:06.153Z - info: Using extension reports
2014-12-06T21:26:06.155Z - info: Using extension images
2014-12-06T21:26:06.158Z - info: Using extension scripts
2014-12-06T21:26:06.160Z - info: Using extension statistics
2014-12-06T21:26:06.162Z - info: Using extension sample-template
2014-12-06T21:26:06.164Z - info: Using extension embedding
2014-12-06T21:26:06.166Z - info: Using extension authorization
2014-12-06T21:26:07.658Z - info: Extensions loaded.
2014-12-06T21:26:07.665Z - info: Creating default express app.
2014-12-06T21:31:10.043Z - info: Searching for available extensions in D:\CORPROTECAPP\
2014-12-06T21:31:10.410Z - info: Found 17 extensions
2014-12-06T21:31:10.438Z - info: Using extension authentication
2014-12-06T21:31:10.441Z - info: Using extension express
2014-12-06T21:31:10.443Z - info: Using extension fop-pdf
2014-12-06T21:31:10.446Z - info: Using extension html
2014-12-06T21:31:10.449Z - info: Using extension templates
2014-12-06T21:31:10.454Z - info: Using extension client-html
2014-12-06T21:31:10.456Z - info: Using extension excel-parser
2014-12-06T21:31:10.458Z - info: Using extension data
2014-12-06T21:31:10.460Z - info: Using extension phantom-pdf
2014-12-06T21:31:10.462Z - info: Using extension images
2014-12-06T21:31:10.465Z - info: Using extension reports
2014-12-06T21:31:10.467Z - info: Using extension childTemplates
2014-12-06T21:31:10.470Z - info: Using extension statistics
2014-12-06T21:31:10.472Z - info: Using extension scripts
2014-12-06T21:31:10.475Z - info: Using extension sample-template
2014-12-06T21:31:10.477Z - info: Using extension embedding
2014-12-06T21:31:10.479Z - info: Using extension authorization
2014-12-06T21:31:12.824Z - info: Extensions loaded.
2014-12-06T21:31:12.831Z - info: Creating default express app.
2014-12-06T21:32:48.653Z - info: Searching for available extensions in D:\CORPROTECAPP\
2014-12-06T21:32:48.903Z - info: Found 17 extensions
2014-12-06T21:32:48.923Z - info: Using extension express
2014-12-06T21:32:48.925Z - info: Using extension templates
2014-12-06T21:32:48.927Z - info: Using extension excel-parser
2014-12-06T21:32:48.930Z - info: Using extension fop-pdf
2014-12-06T21:32:48.931Z - info: Using extension html
2014-12-06T21:32:48.933Z - info: Using extension authentication
2014-12-06T21:32:48.953Z - info: Using extension client-html
2014-12-06T21:32:48.955Z - info: Using extension data
2014-12-06T21:32:48.957Z - info: Using extension childTemplates
2014-12-06T21:32:48.958Z - info: Using extension images
2014-12-06T21:32:48.960Z - info: Using extension reports
2014-12-06T21:32:48.963Z - info: Using extension phantom-pdf
2014-12-06T21:32:48.965Z - info: Using extension scripts
2014-12-06T21:32:48.967Z - info: Using extension statistics
2014-12-06T21:32:48.969Z - info: Using extension sample-template
2014-12-06T21:32:48.971Z - info: Using extension embedding
2014-12-06T21:32:48.977Z - info: Using extension authorization
2014-12-06T21:32:50.403Z - info: Extensions loaded.
2014-12-06T21:32:50.411Z - info: Configuring routes for existing express app.
2014-12-06T21:32:50.435Z - info: reporter initialized
2014-12-06T21:33:16.461Z - info: Starting rendering request 1
2014-12-06T21:33:17.120Z - info: Starting rendering request 2
2014-12-06T21:33:17.216Z - info: Rendering request 2 finished in 96 ms
2014-12-06T21:33:29.623Z - info: Starting rendering request 3
2014-12-06T21:33:29.742Z - info: Starting rendering request 4
2014-12-06T21:33:29.826Z - info: Rendering request 4 finished in 84 ms
2014-12-06T21:33:50.800Z - info: Rendering request 3 finished in 21177 ms
2014-12-06T21:33:50.814Z - info: Rendering request 1 finished in 34353 ms
2014-12-06T21:42:47.480Z - info: Searching for available extensions in D:\CORPROTECAPP\
2014-12-06T21:42:47.721Z - info: Found 17 extensions
2014-12-06T21:42:47.761Z - info: Using extension express
2014-12-06T21:42:47.764Z - info: Using extension templates
2014-12-06T21:42:47.766Z - info: Using extension excel-parser
2014-12-06T21:42:47.768Z - info: Using extension fop-pdf
2014-12-06T21:42:47.770Z - info: Using extension html
2014-12-06T21:42:47.772Z - info: Using extension authentication
2014-12-06T21:42:47.777Z - info: Using extension client-html
2014-12-06T21:42:47.779Z - info: Using extension data
2014-12-06T21:42:47.781Z - info: Using extension childTemplates
2014-12-06T21:42:47.783Z - info: Using extension images
2014-12-06T21:42:47.785Z - info: Using extension phantom-pdf
2014-12-06T21:42:47.788Z - info: Using extension reports
2014-12-06T21:42:47.790Z - info: Using extension scripts
2014-12-06T21:42:47.792Z - info: Using extension statistics
2014-12-06T21:42:47.794Z - info: Using extension sample-template
2014-12-06T21:42:47.796Z - info: Using extension embedding
2014-12-06T21:42:47.799Z - info: Using extension authorization
2014-12-06T21:42:49.247Z - info: Extensions loaded.
2014-12-06T21:42:49.255Z - info: Configuring routes for existing express app.
2014-12-06T21:42:49.277Z - info: reporter initialized
2014-12-06T21:44:21.340Z - info: Searching for available extensions in D:\CORPROTECAPP\
2014-12-06T21:44:21.677Z - info: Found 17 extensions
2014-12-06T21:44:21.717Z - info: Using extension express
2014-12-06T21:44:21.720Z - info: Using extension excel-parser
2014-12-06T21:44:21.722Z - info: Using extension html
2014-12-06T21:44:21.725Z - info: Using extension fop-pdf
2014-12-06T21:44:21.727Z - info: Using extension authentication
2014-12-06T21:44:21.729Z - info: Using extension client-html
2014-12-06T21:44:21.733Z - info: Using extension templates
2014-12-06T21:44:21.735Z - info: Using extension images
2014-12-06T21:44:21.737Z - info: Using extension childTemplates
2014-12-06T21:44:21.740Z - info: Using extension phantom-pdf
2014-12-06T21:44:21.743Z - info: Using extension data
2014-12-06T21:44:21.745Z - info: Using extension reports
2014-12-06T21:44:21.747Z - info: Using extension scripts
2014-12-06T21:44:21.749Z - info: Using extension statistics
2014-12-06T21:44:21.752Z - info: Using extension sample-template
2014-12-06T21:44:21.755Z - info: Using extension embedding
2014-12-06T21:44:21.757Z - info: Using extension authorization
2014-12-06T21:44:23.415Z - info: Extensions loaded.
2014-12-06T21:44:23.422Z - info: Configuring routes for existing express app.
2014-12-06T21:44:23.444Z - info: reporter initialized
2014-12-06T21:46:00.526Z - info: Searching for available extensions in D:\CORPROTECAPP\
2014-12-06T21:46:00.861Z - info: Found 17 extensions
2014-12-06T21:46:00.901Z - info: Using extension express
2014-12-06T21:46:00.904Z - info: Using extension excel-parser
2014-12-06T21:46:00.905Z - info: Using extension templates
2014-12-06T21:46:00.908Z - info: Using extension fop-pdf
2014-12-06T21:46:00.909Z - info: Using extension html
2014-12-06T21:46:00.911Z - info: Using extension authentication
2014-12-06T21:46:00.916Z - info: Using extension client-html
2014-12-06T21:46:00.918Z - info: Using extension data
2014-12-06T21:46:00.920Z - info: Using extension childTemplates
2014-12-06T21:46:00.922Z - info: Using extension phantom-pdf
2014-12-06T21:46:00.923Z - info: Using extension images
2014-12-06T21:46:00.925Z - info: Using extension reports
2014-12-06T21:46:00.928Z - info: Using extension scripts
2014-12-06T21:46:00.929Z - info: Using extension statistics
2014-12-06T21:46:00.931Z - info: Using extension sample-template
2014-12-06T21:46:00.933Z - info: Using extension embedding
2014-12-06T21:46:00.935Z - info: Using extension authorization
2014-12-06T21:46:02.403Z - info: Extensions loaded.
2014-12-06T21:46:02.410Z - info: Configuring routes for existing express app.
2014-12-06T21:46:02.432Z - info: reporter initialized
2014-12-06T21:47:12.300Z - info: Searching for available extensions in D:\CORPROTECAPP\
2014-12-06T21:47:12.615Z - info: Found 17 extensions
2014-12-06T21:47:12.637Z - info: Using extension express
2014-12-06T21:47:12.640Z - info: Using extension excel-parser
2014-12-06T21:47:12.642Z - info: Using extension fop-pdf
2014-12-06T21:47:12.645Z - info: Using extension templates
2014-12-06T21:47:12.647Z - info: Using extension html
2014-12-06T21:47:12.648Z - info: Using extension authentication
2014-12-06T21:47:12.654Z - info: Using extension client-html
2014-12-06T21:47:12.671Z - info: Using extension data
2014-12-06T21:47:12.673Z - info: Using extension childTemplates
2014-12-06T21:47:12.675Z - info: Using extension images
2014-12-06T21:47:12.677Z - info: Using extension reports
2014-12-06T21:47:12.679Z - info: Using extension phantom-pdf
2014-12-06T21:47:12.681Z - info: Using extension scripts
2014-12-06T21:47:12.682Z - info: Using extension statistics
2014-12-06T21:47:12.685Z - info: Using extension sample-template
2014-12-06T21:47:12.689Z - info: Using extension embedding
2014-12-06T21:47:12.691Z - info: Using extension authorization
2014-12-06T21:47:14.149Z - info: Extensions loaded.
2014-12-06T21:47:14.156Z - info: Creating default express app.
2014-12-06T21:47:14.223Z - info: reporter initialized
2014-12-06T21:48:25.979Z - info: Searching for available extensions in D:\CORPROTECAPP\
2014-12-06T21:48:26.386Z - info: Found 17 extensions
2014-12-06T21:48:26.420Z - info: Using extension express
2014-12-06T21:48:26.423Z - info: Using extension templates
2014-12-06T21:48:26.425Z - info: Using extension excel-parser
2014-12-06T21:48:26.428Z - info: Using extension fop-pdf
2014-12-06T21:48:26.431Z - info: Using extension html
2014-12-06T21:48:26.454Z - info: Using extension authentication
2014-12-06T21:48:26.460Z - info: Using extension client-html
2014-12-06T21:48:26.461Z - info: Using extension childTemplates
2014-12-06T21:48:26.464Z - info: Using extension reports
2014-12-06T21:48:26.467Z - info: Using extension images
2014-12-06T21:48:26.469Z - info: Using extension phantom-pdf
2014-12-06T21:48:26.471Z - info: Using extension data
2014-12-06T21:48:26.473Z - info: Using extension scripts
2014-12-06T21:48:26.474Z - info: Using extension statistics
2014-12-06T21:48:26.476Z - info: Using extension sample-template
2014-12-06T21:48:26.480Z - info: Using extension authorization
2014-12-06T21:48:26.482Z - info: Using extension embedding
2014-12-06T21:48:28.019Z - info: Extensions loaded.
2014-12-06T21:48:28.025Z - info: Creating default express app.
2014-12-06T21:48:28.149Z - info: reporter initialized
2014-12-06T21:51:29.760Z - info: Searching for available extensions in D:\CORPROTECAPP\
2014-12-06T21:51:30.083Z - info: Found 17 extensions
2014-12-06T21:51:30.114Z - info: Using extension express
2014-12-06T21:51:30.117Z - info: Using extension fop-pdf
2014-12-06T21:51:30.119Z - info: Using extension html
2014-12-06T21:51:30.121Z - info: Using extension client-html
2014-12-06T21:51:30.123Z - info: Using extension excel-parser
2014-12-06T21:51:30.125Z - info: Using extension authentication
2014-12-06T21:51:30.144Z - info: Using extension templates
2014-12-06T21:51:30.146Z - info: Using extension phantom-pdf
2014-12-06T21:51:30.148Z - info: Using extension childTemplates
2014-12-06T21:51:30.150Z - info: Using extension data
2014-12-06T21:51:30.152Z - info: Using extension images
2014-12-06T21:51:30.154Z - info: Using extension reports
2014-12-06T21:51:30.157Z - info: Using extension statistics
2014-12-06T21:51:30.159Z - info: Using extension scripts
2014-12-06T21:51:30.160Z - info: Using extension sample-template
2014-12-06T21:51:30.162Z - info: Using extension authorization
2014-12-06T21:51:30.164Z - info: Using extension embedding
2014-12-06T21:51:32.252Z - info: Extensions loaded.
2014-12-06T21:51:32.260Z - info: Creating default express app.
2014-12-06T21:51:32.376Z - info: reporter initialized
2014-12-06T21:52:35.930Z - info: Searching for available extensions in D:\CORPROTECAPP\
2014-12-06T21:52:36.238Z - info: Found 17 extensions
2014-12-06T21:52:36.277Z - info: Using extension express
2014-12-06T21:52:36.280Z - info: Using extension templates
2014-12-06T21:52:36.282Z - info: Using extension fop-pdf
2014-12-06T21:52:36.284Z - info: Using extension html
2014-12-06T21:52:36.285Z - info: Using extension excel-parser
2014-12-06T21:52:36.287Z - info: Using extension authentication
2014-12-06T21:52:36.292Z - info: Using extension client-html
2014-12-06T21:52:36.294Z - info: Using extension data
2014-12-06T21:52:36.296Z - info: Using extension childTemplates
2014-12-06T21:52:36.298Z - info: Using extension images
2014-12-06T21:52:36.299Z - info: Using extension phantom-pdf
2014-12-06T21:52:36.301Z - info: Using extension reports
2014-12-06T21:52:36.303Z - info: Using extension scripts
2014-12-06T21:52:36.306Z - info: Using extension statistics
2014-12-06T21:52:36.309Z - info: Using extension sample-template
2014-12-06T21:52:36.311Z - info: Using extension embedding
2014-12-06T21:52:36.312Z - info: Using extension authorization
2014-12-06T21:52:37.855Z - info: Extensions loaded.
2014-12-06T21:52:37.862Z - info: Creating default express app.
2014-12-06T21:52:37.926Z - info: reporter initialized
2014-12-06T21:53:12.682Z - info: Searching for available extensions in D:\CORPROTECAPP\
2014-12-06T21:53:12.964Z - info: Found 17 extensions
2014-12-06T21:53:13.005Z - info: Using extension express
2014-12-06T21:53:13.009Z - info: Using extension excel-parser
2014-12-06T21:53:13.011Z - info: Using extension fop-pdf
2014-12-06T21:53:13.013Z - info: Using extension html
2014-12-06T21:53:13.015Z - info: Using extension templates
2014-12-06T21:53:13.018Z - info: Using extension authentication
2014-12-06T21:53:13.022Z - info: Using extension client-html
2014-12-06T21:53:13.024Z - info: Using extension data
2014-12-06T21:53:13.026Z - info: Using extension childTemplates
2014-12-06T21:53:13.028Z - info: Using extension images
2014-12-06T21:53:13.030Z - info: Using extension phantom-pdf
2014-12-06T21:53:13.032Z - info: Using extension reports
2014-12-06T21:53:13.035Z - info: Using extension scripts
2014-12-06T21:53:13.038Z - info: Using extension statistics
2014-12-06T21:53:13.040Z - info: Using extension sample-template
2014-12-06T21:53:13.042Z - info: Using extension embedding
2014-12-06T21:53:13.044Z - info: Using extension authorization
2014-12-06T21:53:14.566Z - info: Extensions loaded.
2014-12-06T21:53:14.574Z - info: Creating default express app.
2014-12-06T21:53:14.647Z - info: reporter initialized
2014-12-06T21:53:41.175Z - info: Searching for available extensions in D:\CORPROTECAPP\
2014-12-06T21:53:41.449Z - info: Found 17 extensions
2014-12-06T21:53:41.484Z - info: Using extension client-html
2014-12-06T21:53:41.487Z - info: Using extension express
2014-12-06T21:53:41.490Z - info: Using extension templates
2014-12-06T21:53:41.492Z - info: Using extension excel-parser
2014-12-06T21:53:41.494Z - info: Using extension fop-pdf
2014-12-06T21:53:41.496Z - info: Using extension html
2014-12-06T21:53:41.501Z - info: Using extension authentication
2014-12-06T21:53:41.504Z - info: Using extension data
2014-12-06T21:53:41.506Z - info: Using extension childTemplates
2014-12-06T21:53:41.508Z - info: Using extension images
2014-12-06T21:53:41.510Z - info: Using extension phantom-pdf
2014-12-06T21:53:41.512Z - info: Using extension reports
2014-12-06T21:53:41.515Z - info: Using extension scripts
2014-12-06T21:53:41.518Z - info: Using extension statistics
2014-12-06T21:53:41.520Z - info: Using extension sample-template
2014-12-06T21:53:41.522Z - info: Using extension embedding
2014-12-06T21:53:41.524Z - info: Using extension authorization
2014-12-06T21:53:42.956Z - info: Extensions loaded.
2014-12-06T21:53:42.963Z - info: Creating default express app.
2014-12-06T21:53:43.029Z - info: reporter initialized
2014-12-06T21:54:48.619Z - info: Searching for available extensions in D:\CORPROTECAPP\
2014-12-06T21:54:48.995Z - info: Found 17 extensions
2014-12-06T21:54:49.030Z - info: Using extension express
2014-12-06T21:54:49.032Z - info: Using extension templates
2014-12-06T21:54:49.034Z - info: Using extension excel-parser
2014-12-06T21:54:49.036Z - info: Using extension fop-pdf
2014-12-06T21:54:49.039Z - info: Using extension html
2014-12-06T21:54:49.041Z - info: Using extension authentication
2014-12-06T21:54:49.045Z - info: Using extension client-html
2014-12-06T21:54:49.047Z - info: Using extension childTemplates
2014-12-06T21:54:49.050Z - info: Using extension reports
2014-12-06T21:54:49.053Z - info: Using extension images
2014-12-06T21:54:49.055Z - info: Using extension phantom-pdf
2014-12-06T21:54:49.059Z - info: Using extension data
2014-12-06T21:54:49.061Z - info: Using extension scripts
2014-12-06T21:54:49.064Z - info: Using extension statistics
2014-12-06T21:54:49.066Z - info: Using extension sample-template
2014-12-06T21:54:49.068Z - info: Using extension authorization
2014-12-06T21:54:49.071Z - info: Using extension embedding
2014-12-06T21:54:50.505Z - info: Extensions loaded.
2014-12-06T21:54:50.513Z - info: Creating default express app.
2014-12-06T21:54:51.711Z - info: reporter initialized
2014-12-06T21:56:00.855Z - info: Searching for available extensions in D:\CORPROTECAPP\
2014-12-06T21:56:01.223Z - info: Found 17 extensions
2014-12-06T21:56:01.268Z - info: Using extension express
2014-12-06T21:56:01.270Z - info: Using extension templates
2014-12-06T21:56:01.272Z - info: Using extension excel-parser
2014-12-06T21:56:01.274Z - info: Using extension fop-pdf
2014-12-06T21:56:01.276Z - info: Using extension html
2014-12-06T21:56:01.278Z - info: Using extension authentication
2014-12-06T21:56:01.284Z - info: Using extension client-html
2014-12-06T21:56:01.288Z - info: Using extension data
2014-12-06T21:56:01.290Z - info: Using extension childTemplates
2014-12-06T21:56:01.293Z - info: Using extension images
2014-12-06T21:56:01.295Z - info: Using extension reports
2014-12-06T21:56:01.298Z - info: Using extension phantom-pdf
2014-12-06T21:56:01.300Z - info: Using extension scripts
2014-12-06T21:56:01.301Z - info: Using extension statistics
2014-12-06T21:56:01.303Z - info: Using extension sample-template
2014-12-06T21:56:01.304Z - info: Using extension embedding
2014-12-06T21:56:01.306Z - info: Using extension authorization
2014-12-06T21:56:03.133Z - info: Extensions loaded.
2014-12-06T21:56:03.142Z - info: Creating default express app.
2014-12-06T21:56:03.192Z - info: reporter initialized
2014-12-06T21:56:40.185Z - info: Starting rendering request 1
2014-12-06T21:57:47.007Z - info: Searching for available extensions in D:\CORPROTECAPP\
2014-12-06T21:57:47.291Z - info: Found 17 extensions
2014-12-06T21:57:47.330Z - info: Using extension express
2014-12-06T21:57:47.332Z - info: Using extension excel-parser
2014-12-06T21:57:47.334Z - info: Using extension fop-pdf
2014-12-06T21:57:47.336Z - info: Using extension html
2014-12-06T21:57:47.340Z - info: Using extension templates
2014-12-06T21:57:47.342Z - info: Using extension authentication
2014-12-06T21:57:47.346Z - info: Using extension client-html
2014-12-06T21:57:47.348Z - info: Using extension data
2014-12-06T21:57:47.350Z - info: Using extension childTemplates
2014-12-06T21:57:47.354Z - info: Using extension images
2014-12-06T21:57:47.356Z - info: Using extension phantom-pdf
2014-12-06T21:57:47.358Z - info: Using extension reports
2014-12-06T21:57:47.361Z - info: Using extension scripts
2014-12-06T21:57:47.362Z - info: Using extension statistics
2014-12-06T21:57:47.365Z - info: Using extension sample-template
2014-12-06T21:57:47.368Z - info: Using extension embedding
2014-12-06T21:57:47.370Z - info: Using extension authorization
2014-12-06T21:57:48.825Z - info: Extensions loaded.
2014-12-06T21:57:48.832Z - info: Creating default express app.
2014-12-06T21:57:48.899Z - info: reporter initialized
2014-12-06T22:00:45.887Z - info: Searching for available extensions in D:\CORPROTECAPP\
2014-12-06T22:00:46.088Z - info: Found 15 extensions
2014-12-06T22:00:46.109Z - info: Using extension client-html
2014-12-06T22:00:46.111Z - info: Using extension templates
2014-12-06T22:00:46.113Z - info: Using extension authentication
2014-12-06T22:00:46.115Z - info: Using extension fop-pdf
2014-12-06T22:00:46.117Z - info: Using extension html
2014-12-06T22:00:46.119Z - info: Using extension excel-parser
2014-12-06T22:00:46.122Z - info: Using extension childTemplates
2014-12-06T22:00:46.124Z - info: Using extension data
2014-12-06T22:00:46.126Z - info: Using extension images
2014-12-06T22:00:46.128Z - info: Using extension phantom-pdf
2014-12-06T22:00:46.129Z - info: Using extension reports
2014-12-06T22:00:46.131Z - info: Using extension scripts
2014-12-06T22:00:46.133Z - info: Using extension statistics
2014-12-06T22:00:46.135Z - info: Using extension embedding
2014-12-06T22:00:46.136Z - info: Using extension authorization
2014-12-06T22:00:47.570Z - info: Extensions loaded.
2014-12-06T22:00:47.576Z - info: reporter initialized
2014-12-06T22:01:15.350Z - info: Searching for available extensions in D:\CORPROTECAPP\
2014-12-06T22:01:15.572Z - info: Found 15 extensions
2014-12-06T22:01:15.594Z - info: Using extension client-html
2014-12-06T22:01:15.597Z - info: Using extension templates
2014-12-06T22:01:15.599Z - info: Using extension authentication
2014-12-06T22:01:15.601Z - info: Using extension excel-parser
2014-12-06T22:01:15.603Z - info: Using extension fop-pdf
2014-12-06T22:01:15.606Z - info: Using extension html
2014-12-06T22:01:15.610Z - info: Using extension data
2014-12-06T22:01:15.612Z - info: Using extension images
2014-12-06T22:01:15.615Z - info: Using extension phantom-pdf
2014-12-06T22:01:15.618Z - info: Using extension reports
2014-12-06T22:01:15.620Z - info: Using extension childTemplates
2014-12-06T22:01:15.622Z - info: Using extension scripts
2014-12-06T22:01:15.624Z - info: Using extension statistics
2014-12-06T22:01:15.626Z - info: Using extension embedding
2014-12-06T22:01:15.628Z - info: Using extension authorization
2014-12-06T22:01:17.163Z - info: Extensions loaded.
2014-12-06T22:01:17.170Z - info: reporter initialized
2014-12-06T22:16:12.001Z - info: Searching for available extensions in D:\CORPROTECAPP\
2014-12-06T22:16:17.829Z - info: Found 15 extensions
2014-12-06T22:16:17.851Z - info: Using extension client-html
2014-12-06T22:16:17.853Z - info: Using extension excel-parser
2014-12-06T22:16:17.855Z - info: Using extension fop-pdf
2014-12-06T22:16:17.858Z - info: Using extension html
2014-12-06T22:16:17.860Z - info: Using extension authentication
2014-12-06T22:16:17.862Z - info: Using extension templates
2014-12-06T22:16:17.866Z - info: Using extension childTemplates
2014-12-06T22:16:17.868Z - info: Using extension data
2014-12-06T22:16:17.870Z - info: Using extension images
2014-12-06T22:16:17.873Z - info: Using extension phantom-pdf
2014-12-06T22:16:17.876Z - info: Using extension reports
2014-12-06T22:16:17.879Z - info: Using extension scripts
2014-12-06T22:16:17.881Z - info: Using extension statistics
2014-12-06T22:16:17.884Z - info: Using extension authorization
2014-12-06T22:16:17.889Z - info: Using extension embedding
2014-12-06T22:16:27.854Z - info: Extensions loaded.
2014-12-06T22:16:27.859Z - info: reporter initialized
2014-12-06T22:17:48.408Z - info: Searching for available extensions in D:\CORPROTECAPP\
2014-12-06T22:17:48.661Z - info: Found 15 extensions
2014-12-06T22:17:48.682Z - info: Using extension templates
2014-12-06T22:17:48.685Z - info: Using extension excel-parser
2014-12-06T22:17:48.687Z - info: Using extension fop-pdf
2014-12-06T22:17:48.690Z - info: Using extension html
2014-12-06T22:17:48.692Z - info: Using extension client-html
2014-12-06T22:17:48.695Z - info: Using extension authentication
2014-12-06T22:17:48.701Z - info: Using extension reports
2014-12-06T22:17:48.703Z - info: Using extension data
2014-12-06T22:17:48.706Z - info: Using extension childTemplates
2014-12-06T22:17:48.709Z - info: Using extension images
2014-12-06T22:17:48.712Z - info: Using extension phantom-pdf
2014-12-06T22:17:48.715Z - info: Using extension statistics
2014-12-06T22:17:48.717Z - info: Using extension scripts
2014-12-06T22:17:48.719Z - info: Using extension embedding
2014-12-06T22:17:48.721Z - info: Using extension authorization
2014-12-06T22:17:50.100Z - info: Extensions loaded.
2014-12-06T22:17:50.106Z - info: reporter initialized
2014-12-06T22:20:06.134Z - info: Searching for available extensions in D:\CORPROTECAPP\
2014-12-06T22:20:06.352Z - info: Found 15 extensions
2014-12-06T22:20:06.370Z - info: Using extension client-html
2014-12-06T22:20:06.373Z - info: Using extension authentication
2014-12-06T22:20:06.375Z - info: Using extension templates
2014-12-06T22:20:06.378Z - info: Using extension excel-parser
2014-12-06T22:20:06.380Z - info: Using extension fop-pdf
2014-12-06T22:20:06.382Z - info: Using extension html
2014-12-06T22:20:06.386Z - info: Using extension images
2014-12-06T22:20:06.390Z - info: Using extension reports
2014-12-06T22:20:06.392Z - info: Using extension data
2014-12-06T22:20:06.394Z - info: Using extension childTemplates
2014-12-06T22:20:06.396Z - info: Using extension phantom-pdf
2014-12-06T22:20:06.398Z - info: Using extension statistics
2014-12-06T22:20:06.401Z - info: Using extension scripts
2014-12-06T22:20:06.403Z - info: Using extension authorization
2014-12-06T22:20:06.405Z - info: Using extension embedding
2014-12-06T22:20:07.882Z - info: Extensions loaded.
2014-12-06T22:20:07.889Z - info: reporter initialized
2014-12-06T22:23:07.353Z - info: Searching for available extensions in D:\CORPROTECAPP\
2014-12-06T22:23:07.704Z - info: Found 15 extensions
2014-12-06T22:23:07.729Z - info: Using extension client-html
2014-12-06T22:23:07.732Z - info: Using extension html
2014-12-06T22:23:07.734Z - info: Using extension templates
2014-12-06T22:23:07.736Z - info: Using extension fop-pdf
2014-12-06T22:23:07.738Z - info: Using extension excel-parser
2014-12-06T22:23:07.741Z - info: Using extension authentication
2014-12-06T22:23:07.747Z - info: Using extension data
2014-12-06T22:23:07.749Z - info: Using extension images
2014-12-06T22:23:07.752Z - info: Using extension reports
2014-12-06T22:23:07.755Z - info: Using extension childTemplates
2014-12-06T22:23:07.759Z - info: Using extension phantom-pdf
2014-12-06T22:23:07.762Z - info: Using extension statistics
2014-12-06T22:23:07.764Z - info: Using extension scripts
2014-12-06T22:23:07.766Z - info: Using extension embedding
2014-12-06T22:23:07.769Z - info: Using extension authorization
2014-12-06T22:23:09.633Z - info: Extensions loaded.
2014-12-06T22:23:09.640Z - info: reporter initialized
2014-12-06T22:30:45.842Z - info: Searching for available extensions in D:\CORPROTECAPP\
2014-12-06T22:30:46.321Z - info: Found 15 extensions
2014-12-06T22:30:46.347Z - info: Using extension authentication
2014-12-06T22:30:46.349Z - info: Using extension html
2014-12-06T22:30:46.352Z - info: Using extension templates
2014-12-06T22:30:46.355Z - info: Using extension client-html
2014-12-06T22:30:46.358Z - info: Using extension excel-parser
2014-12-06T22:30:46.361Z - info: Using extension fop-pdf
2014-12-06T22:30:46.366Z - info: Using extension childTemplates
2014-12-06T22:30:46.368Z - info: Using extension phantom-pdf
2014-12-06T22:30:46.370Z - info: Using extension images
2014-12-06T22:30:46.372Z - info: Using extension reports
2014-12-06T22:30:46.373Z - info: Using extension data
2014-12-06T22:30:46.375Z - info: Using extension statistics
2014-12-06T22:30:46.377Z - info: Using extension scripts
2014-12-06T22:30:46.380Z - info: Using extension authorization
2014-12-06T22:30:46.382Z - info: Using extension embedding
2014-12-06T22:30:48.291Z - info: Extensions loaded.
2014-12-06T22:30:48.296Z - info: reporter initialized
2014-12-06T22:34:17.804Z - info: Searching for available extensions in D:\CORPROTECAPP\
2014-12-06T22:34:18.048Z - info: Found 15 extensions
2014-12-06T22:34:18.071Z - info: Using extension templates
2014-12-06T22:34:18.073Z - info: Using extension excel-parser
2014-12-06T22:34:18.075Z - info: Using extension fop-pdf
2014-12-06T22:34:18.077Z - info: Using extension html
2014-12-06T22:34:18.079Z - info: Using extension authentication
2014-12-06T22:34:18.081Z - info: Using extension client-html
2014-12-06T22:34:18.085Z - info: Using extension data
2014-12-06T22:34:18.087Z - info: Using extension childTemplates
2014-12-06T22:34:18.089Z - info: Using extension phantom-pdf
2014-12-06T22:34:18.091Z - info: Using extension reports
2014-12-06T22:34:18.093Z - info: Using extension images
2014-12-06T22:34:18.095Z - info: Using extension scripts
2014-12-06T22:34:18.097Z - info: Using extension statistics
2014-12-06T22:34:18.099Z - info: Using extension embedding
2014-12-06T22:34:18.101Z - info: Using extension authorization
2014-12-06T22:34:19.779Z - info: Extensions loaded.
2014-12-06T22:34:19.784Z - info: reporter initialized
2014-12-06T22:37:04.578Z - info: Searching for available extensions in D:\CORPROTECAPP\
2014-12-06T22:37:05.181Z - info: Found 15 extensions
2014-12-06T22:37:05.208Z - info: Using extension templates
2014-12-06T22:37:05.210Z - info: Using extension excel-parser
2014-12-06T22:37:05.212Z - info: Using extension fop-pdf
2014-12-06T22:37:05.214Z - info: Using extension authentication
2014-12-06T22:37:05.216Z - info: Using extension html
2014-12-06T22:37:05.222Z - info: Using extension client-html
2014-12-06T22:37:05.227Z - info: Using extension images
2014-12-06T22:37:05.229Z - info: Using extension childTemplates
2014-12-06T22:37:05.231Z - info: Using extension phantom-pdf
2014-12-06T22:37:05.234Z - info: Using extension data
2014-12-06T22:37:05.238Z - info: Using extension reports
2014-12-06T22:37:05.241Z - info: Using extension statistics
2014-12-06T22:37:05.244Z - info: Using extension scripts
2014-12-06T22:37:05.247Z - info: Using extension embedding
2014-12-06T22:37:05.248Z - info: Using extension authorization
2014-12-06T22:37:11.771Z - info: Extensions loaded.
2014-12-06T22:37:11.777Z - info: reporter initialized
2014-12-06T22:39:59.113Z - info: Searching for available extensions in D:\CORPROTECAPP\
2014-12-06T22:39:59.490Z - info: Found 15 extensions
2014-12-06T22:39:59.512Z - info: Using extension fop-pdf
2014-12-06T22:39:59.515Z - info: Using extension templates
2014-12-06T22:39:59.517Z - info: Using extension authentication
2014-12-06T22:39:59.519Z - info: Using extension html
2014-12-06T22:39:59.522Z - info: Using extension client-html
2014-12-06T22:39:59.525Z - info: Using extension excel-parser
2014-12-06T22:39:59.530Z - info: Using extension childTemplates
2014-12-06T22:39:59.532Z - info: Using extension reports
2014-12-06T22:39:59.533Z - info: Using extension phantom-pdf
2014-12-06T22:39:59.537Z - info: Using extension images
2014-12-06T22:39:59.538Z - info: Using extension data
2014-12-06T22:39:59.540Z - info: Using extension scripts
2014-12-06T22:39:59.542Z - info: Using extension statistics
2014-12-06T22:39:59.545Z - info: Using extension authorization
2014-12-06T22:39:59.549Z - info: Using extension embedding
2014-12-06T22:40:00.983Z - info: Extensions loaded.
2014-12-06T22:40:00.990Z - info: reporter initialized
2014-12-06T22:41:43.793Z - info: Searching for available extensions in D:\CORPROTECAPP\
2014-12-06T22:41:44.039Z - info: Found 15 extensions
2014-12-06T22:41:44.061Z - info: Using extension client-html
2014-12-06T22:41:44.064Z - info: Using extension templates
2014-12-06T22:41:44.067Z - info: Using extension authentication
2014-12-06T22:41:44.070Z - info: Using extension excel-parser
2014-12-06T22:41:44.073Z - info: Using extension html
2014-12-06T22:41:44.076Z - info: Using extension fop-pdf
2014-12-06T22:41:44.080Z - info: Using extension childTemplates
2014-12-06T22:41:44.082Z - info: Using extension data
2014-12-06T22:41:44.084Z - info: Using extension images
2014-12-06T22:41:44.086Z - info: Using extension reports
2014-12-06T22:41:44.088Z - info: Using extension phantom-pdf
2014-12-06T22:41:44.090Z - info: Using extension scripts
2014-12-06T22:41:44.092Z - info: Using extension statistics
2014-12-06T22:41:44.094Z - info: Using extension embedding
2014-12-06T22:41:44.097Z - info: Using extension authorization
2014-12-06T22:41:45.575Z - info: Extensions loaded.
2014-12-06T22:41:45.580Z - info: reporter initialized
2014-12-06T22:43:17.050Z - info: Searching for available extensions in D:\CORPROTECAPP\
2014-12-06T22:43:17.236Z - info: Found 15 extensions
2014-12-06T22:43:17.264Z - info: Using extension client-html
2014-12-06T22:43:17.266Z - info: Using extension excel-parser
2014-12-06T22:43:17.269Z - info: Using extension fop-pdf
2014-12-06T22:43:17.271Z - info: Using extension html
2014-12-06T22:43:17.274Z - info: Using extension templates
2014-12-06T22:43:17.277Z - info: Using extension authentication
2014-12-06T22:43:17.282Z - info: Using extension data
2014-12-06T22:43:17.284Z - info: Using extension childTemplates
2014-12-06T22:43:17.288Z - info: Using extension images
2014-12-06T22:43:17.290Z - info: Using extension phantom-pdf
2014-12-06T22:43:17.292Z - info: Using extension reports
2014-12-06T22:43:17.294Z - info: Using extension statistics
2014-12-06T22:43:17.297Z - info: Using extension scripts
2014-12-06T22:43:17.300Z - info: Using extension embedding
2014-12-06T22:43:17.303Z - info: Using extension authorization
2014-12-06T22:43:18.721Z - info: Extensions loaded.
2014-12-06T22:43:18.726Z - info: reporter initialized
2014-12-06T22:44:45.930Z - info: Searching for available extensions in D:\CORPROTECAPP\
2014-12-06T22:44:46.090Z - info: Found 15 extensions
2014-12-06T22:44:46.108Z - info: Using extension client-html
2014-12-06T22:44:46.111Z - info: Using extension templates
2014-12-06T22:44:46.113Z - info: Using extension authentication
2014-12-06T22:44:46.115Z - info: Using extension excel-parser
2014-12-06T22:44:46.117Z - info: Using extension fop-pdf
2014-12-06T22:44:46.119Z - info: Using extension html
2014-12-06T22:44:46.124Z - info: Using extension childTemplates
2014-12-06T22:44:46.125Z - info: Using extension data
2014-12-06T22:44:46.127Z - info: Using extension images
2014-12-06T22:44:46.129Z - info: Using extension phantom-pdf
2014-12-06T22:44:46.132Z - info: Using extension reports
2014-12-06T22:44:46.134Z - info: Using extension scripts
2014-12-06T22:44:46.136Z - info: Using extension statistics
2014-12-06T22:44:46.139Z - info: Using extension embedding
2014-12-06T22:44:46.140Z - info: Using extension authorization
2014-12-06T22:44:47.525Z - info: Extensions loaded.
2014-12-06T22:44:47.534Z - info: reporter initialized
2014-12-06T22:46:58.597Z - info: Searching for available extensions in D:\CORPROTECAPP\
2014-12-06T22:46:58.788Z - info: Found 15 extensions
2014-12-06T22:46:58.807Z - info: Using extension authentication
2014-12-06T22:46:58.810Z - info: Using extension templates
2014-12-06T22:46:58.812Z - info: Using extension client-html
2014-12-06T22:46:58.814Z - info: Using extension excel-parser
2014-12-06T22:46:58.816Z - info: Using extension fop-pdf
2014-12-06T22:46:58.818Z - info: Using extension html
2014-12-06T22:46:58.822Z - info: Using extension childTemplates
2014-12-06T22:46:58.824Z - info: Using extension data
2014-12-06T22:46:58.826Z - info: Using extension images
2014-12-06T22:46:58.828Z - info: Using extension phantom-pdf
2014-12-06T22:46:58.830Z - info: Using extension reports
2014-12-06T22:46:58.832Z - info: Using extension scripts
2014-12-06T22:46:58.834Z - info: Using extension statistics
2014-12-06T22:46:58.836Z - info: Using extension embedding
2014-12-06T22:46:58.838Z - info: Using extension authorization
2014-12-06T22:47:00.206Z - info: Extensions loaded.
2014-12-06T22:47:00.212Z - info: reporter initialized
2014-12-06T22:48:13.322Z - info: Searching for available extensions in D:\CORPROTECAPP\
2014-12-06T22:48:13.489Z - info: Found 15 extensions
2014-12-06T22:48:13.515Z - info: Using extension client-html
2014-12-06T22:48:13.517Z - info: Using extension templates
2014-12-06T22:48:13.519Z - info: Using extension authentication
2014-12-06T22:48:13.522Z - info: Using extension excel-parser
2014-12-06T22:48:13.524Z - info: Using extension fop-pdf
2014-12-06T22:48:13.526Z - info: Using extension html
2014-12-06T22:48:13.531Z - info: Using extension childTemplates
2014-12-06T22:48:13.533Z - info: Using extension data
2014-12-06T22:48:13.535Z - info: Using extension images
2014-12-06T22:48:13.537Z - info: Using extension reports
2014-12-06T22:48:13.539Z - info: Using extension phantom-pdf
2014-12-06T22:48:13.541Z - info: Using extension scripts
2014-12-06T22:48:13.543Z - info: Using extension statistics
2014-12-06T22:48:13.546Z - info: Using extension embedding
2014-12-06T22:48:13.548Z - info: Using extension authorization
2014-12-06T22:48:14.986Z - info: Extensions loaded.
2014-12-06T22:48:14.992Z - info: reporter initialized
2014-12-06T22:49:05.614Z - info: Starting rendering request 1
2014-12-06T22:49:06.805Z - info: Starting rendering request 2
2014-12-06T22:49:07.058Z - info: Rendering request 2 finished in 253 ms
2014-12-06T22:49:17.881Z - info: Rendering request 1 finished in 12267 ms
2014-12-06T22:49:44.844Z - info: Starting rendering request 3
2014-12-06T22:49:45.696Z - info: Rendering request 3 finished in 852 ms
2014-12-06T23:17:06.474Z - info: Searching for available extensions in D:\CORPROTECAPP\
2014-12-06T23:17:07.398Z - info: Found 15 extensions
2014-12-06T23:17:07.422Z - info: Using extension authentication
2014-12-06T23:17:07.425Z - info: Using extension excel-parser
2014-12-06T23:17:07.427Z - info: Using extension fop-pdf
2014-12-06T23:17:07.429Z - info: Using extension html
2014-12-06T23:17:07.431Z - info: Using extension client-html
2014-12-06T23:17:07.433Z - info: Using extension templates
2014-12-06T23:17:07.438Z - info: Using extension childTemplates
2014-12-06T23:17:07.440Z - info: Using extension reports
2014-12-06T23:17:07.441Z - info: Using extension data
2014-12-06T23:17:07.443Z - info: Using extension images
2014-12-06T23:17:07.448Z - info: Using extension phantom-pdf
2014-12-06T23:17:07.451Z - info: Using extension scripts
2014-12-06T23:17:07.452Z - info: Using extension statistics
2014-12-06T23:17:07.454Z - info: Using extension embedding
2014-12-06T23:17:07.456Z - info: Using extension authorization
2014-12-06T23:17:12.661Z - info: Extensions loaded.
2014-12-06T23:17:12.669Z - info: reporter initialized
2014-12-06T23:20:26.542Z - info: Searching for available extensions in D:\CORPROTECAPP\
2014-12-06T23:20:26.812Z - info: Found 15 extensions
2014-12-06T23:20:26.867Z - info: Using extension client-html
2014-12-06T23:20:26.870Z - info: Using extension excel-parser
2014-12-06T23:20:26.872Z - info: Using extension fop-pdf
2014-12-06T23:20:26.874Z - info: Using extension html
2014-12-06T23:20:26.875Z - info: Using extension authentication
2014-12-06T23:20:26.878Z - info: Using extension templates
2014-12-06T23:20:26.882Z - info: Using extension images
2014-12-06T23:20:26.884Z - info: Using extension childTemplates
2014-12-06T23:20:26.887Z - info: Using extension data
2014-12-06T23:20:26.889Z - info: Using extension phantom-pdf
2014-12-06T23:20:26.891Z - info: Using extension reports
2014-12-06T23:20:26.892Z - info: Using extension statistics
2014-12-06T23:20:26.894Z - info: Using extension scripts
2014-12-06T23:20:26.896Z - info: Using extension embedding
2014-12-06T23:20:26.898Z - info: Using extension authorization
2014-12-06T23:20:28.891Z - info: Extensions loaded.
2014-12-06T23:20:28.897Z - info: reporter initialized
2014-12-06T23:42:23.505Z - info: Searching for available extensions in D:\CORPROTECAPP\
2014-12-06T23:42:24.176Z - info: Found 15 extensions
2014-12-06T23:42:24.203Z - info: Using extension client-html
2014-12-06T23:42:24.205Z - info: Using extension excel-parser
2014-12-06T23:42:24.207Z - info: Using extension fop-pdf
2014-12-06T23:42:24.209Z - info: Using extension templates
2014-12-06T23:42:24.212Z - info: Using extension html
2014-12-06T23:42:24.229Z - info: Using extension authentication
2014-12-06T23:42:24.233Z - info: Using extension childTemplates
2014-12-06T23:42:24.235Z - info: Using extension phantom-pdf
2014-12-06T23:42:24.237Z - info: Using extension images
2014-12-06T23:42:24.239Z - info: Using extension data
2014-12-06T23:42:24.240Z - info: Using extension reports
2014-12-06T23:42:24.242Z - info: Using extension scripts
2014-12-06T23:42:24.245Z - info: Using extension statistics
2014-12-06T23:42:24.248Z - info: Using extension authorization
2014-12-06T23:42:24.251Z - info: Using extension embedding
2014-12-06T23:42:26.102Z - info: Extensions loaded.
2014-12-06T23:42:26.108Z - info: reporter initialized
2014-12-06T23:42:57.127Z - info: Starting rendering request 1
2014-12-06T23:42:57.688Z - info: Starting rendering request 2
2014-12-06T23:42:57.844Z - info: Rendering request 2 finished in 156 ms
2014-12-06T23:43:01.747Z - info: Rendering request 1 finished in 4620 ms
2014-12-06T23:43:06.690Z - info: Starting rendering request 3
2014-12-06T23:43:06.828Z - info: Starting rendering request 4
2014-12-06T23:43:06.968Z - info: Rendering request 4 finished in 139 ms
2014-12-06T23:43:07.155Z - info: Rendering request 3 finished in 465 ms
2014-12-06T23:43:09.717Z - info: Starting rendering request 5
2014-12-06T23:43:10.021Z - info: Rendering request 5 finished in 304 ms
